<?xml version="1.0" encoding="UTF-8"?>
<testng-results ignored="0" total="1" passed="1" failed="0" skipped="0">
  <reporter-output>
  </reporter-output>
  <suite started-at="2022-12-07T14:22:26 IST" name="Default suite" finished-at="2022-12-07T14:22:50 IST" duration-ms="24007">
    <groups>
    </groups>
    <test started-at="2022-12-07T14:22:26 IST" name="Default test" finished-at="2022-12-07T14:22:50 IST" duration-ms="24007">
      <class name="loginTest.ToVerifyHomePageTest">
        <test-method is-config="true" signature="bsConfig()[pri:0, instance:loginTest.ToVerifyHomePageTest@f5acb9d]" started-at="2022-12-07T14:22:26 IST" name="bsConfig" finished-at="2022-12-07T14:22:26 IST" duration-ms="16" status="PASS">
          <reporter-output>
          </reporter-output>
        </test-method> <!-- bsConfig -->
        <test-method is-config="true" signature="bcConfig()[pri:0, instance:loginTest.ToVerifyHomePageTest@f5acb9d]" started-at="2022-12-07T14:22:26 IST" name="bcConfig" finished-at="2022-12-07T14:22:39 IST" duration-ms="13540" status="PASS">
          <reporter-output>
          </reporter-output>
        </test-method> <!-- bcConfig -->
        <test-method is-config="true" signature="bmConfig()[pri:0, instance:loginTest.ToVerifyHomePageTest@f5acb9d]" started-at="2022-12-07T14:22:40 IST" name="bmConfig" finished-at="2022-12-07T14:22:40 IST" duration-ms="660" status="PASS">
          <reporter-output>
          </reporter-output>
        </test-method> <!-- bmConfig -->
        <test-method signature="toVerifyHomePageTest()[pri:0, instance:loginTest.ToVerifyHomePageTest@f5acb9d]" started-at="2022-12-07T14:22:40 IST" name="toVerifyHomePageTest" finished-at="2022-12-07T14:22:46 IST" duration-ms="5586" status="PASS">
          <reporter-output>
          </reporter-output>
        </test-method> <!-- toVerifyHomePageTest -->
        <test-method is-config="true" signature="amConfig()[pri:0, instance:loginTest.ToVerifyHomePageTest@f5acb9d]" started-at="2022-12-07T14:22:46 IST" name="amConfig" finished-at="2022-12-07T14:22:48 IST" duration-ms="2611" status="PASS">
          <reporter-output>
          </reporter-output>
        </test-method> <!-- amConfig -->
        <test-method is-config="true" signature="acConfig()[pri:0, instance:loginTest.ToVerifyHomePageTest@f5acb9d]" started-at="2022-12-07T14:22:48 IST" name="acConfig" finished-at="2022-12-07T14:22:50 IST" duration-ms="1519" status="PASS">
          <reporter-output>
          </reporter-output>
        </test-method> <!-- acConfig -->
        <test-method is-config="true" signature="asConfig()[pri:0, instance:loginTest.ToVerifyHomePageTest@f5acb9d]" started-at="2022-12-07T14:22:50 IST" name="asConfig" finished-at="2022-12-07T14:22:50 IST" duration-ms="2" status="PASS">
          <reporter-output>
          </reporter-output>
        </test-method> <!-- asConfig -->
      </class> <!-- loginTest.ToVerifyHomePageTest -->
    </test> <!-- Default test -->
  </suite> <!-- Default suite -->
</testng-results>
